\BOOKMARK [0][-]{chapter.1}{This page is about Basic syntax}{}% 1
\BOOKMARK [1][-]{section.1.1}{Sections}{chapter.1}% 2
\BOOKMARK [1][-]{section.1.2}{List}{chapter.1}% 3
\BOOKMARK [1][-]{section.1.3}{Literal blocks}{chapter.1}% 4
\BOOKMARK [1][-]{section.1.4}{Doctest blocks}{chapter.1}% 5
\BOOKMARK [1][-]{section.1.5}{Tables}{chapter.1}% 6
\BOOKMARK [1][-]{section.1.6}{Hyperlinks}{chapter.1}% 7
\BOOKMARK [1][-]{section.1.7}{Images}{chapter.1}% 8
\BOOKMARK [1][-]{section.1.8}{Figure}{chapter.1}% 9
\BOOKMARK [1][-]{section.1.9}{Footnotes}{chapter.1}% 10
\BOOKMARK [1][-]{section.1.10}{Citations}{chapter.1}% 11
\BOOKMARK [0][-]{chapter.2}{This page is about Roles}{}% 12
\BOOKMARK [1][-]{section.2.1}{Cross-referencing syntax}{chapter.2}% 13
\BOOKMARK [1][-]{section.2.2}{Others}{chapter.2}% 14
\BOOKMARK [0][-]{chapter.3}{This page is about Directive}{}% 15
\BOOKMARK [1][-]{section.3.1}{toctree nest}{chapter.3}% 16
\BOOKMARK [1][-]{section.3.2}{note}{chapter.3}% 17
\BOOKMARK [1][-]{section.3.3}{warning}{chapter.3}% 18
\BOOKMARK [1][-]{section.3.4}{admonition}{chapter.3}% 19
\BOOKMARK [1][-]{section.3.5}{math}{chapter.3}% 20
\BOOKMARK [0][-]{chapter.4}{Others}{}% 21
\BOOKMARK [1][-]{section.4.1}{図表の自動入力文字の変更}{chapter.4}% 22
\BOOKMARK [1][-]{section.4.2}{warning,note,tipsなどの自動入力文字の変更}{chapter.4}% 23
\BOOKMARK [0][-]{chapter*.5}{参考文献}{}% 24
\BOOKMARK [0][-]{section*.7}{索引}{}% 25
